mode: set
github.com/GlynOwenHanmer/GOHMoneyDB/Account.go:37.54,44.2 1 1
github.com/GlynOwenHanmer/GOHMoneyDB/Account.go:47.58,49.54 2 1
github.com/GlynOwenHanmer/GOHMoneyDB/Account.go:52.2,53.16 2 1
github.com/GlynOwenHanmer/GOHMoneyDB/Account.go:56.2,58.51 3 1
github.com/GlynOwenHanmer/GOHMoneyDB/Account.go:61.2,61.12 1 1
github.com/GlynOwenHanmer/GOHMoneyDB/Account.go:49.54,51.3 1 0
github.com/GlynOwenHanmer/GOHMoneyDB/Account.go:53.16,55.3 1 0
github.com/GlynOwenHanmer/GOHMoneyDB/Account.go:58.51,60.3 1 0
github.com/GlynOwenHanmer/GOHMoneyDB/Account.go:69.75,70.45 1 1
github.com/GlynOwenHanmer/GOHMoneyDB/Account.go:73.2,74.16 2 1
github.com/GlynOwenHanmer/GOHMoneyDB/Account.go:77.2,78.16 2 1
github.com/GlynOwenHanmer/GOHMoneyDB/Account.go:81.2,81.42 1 1
github.com/GlynOwenHanmer/GOHMoneyDB/Account.go:86.2,89.3 1 1
github.com/GlynOwenHanmer/GOHMoneyDB/Account.go:70.45,72.3 1 0
github.com/GlynOwenHanmer/GOHMoneyDB/Account.go:74.16,76.3 1 1
github.com/GlynOwenHanmer/GOHMoneyDB/Account.go:78.16,80.3 1 0
github.com/GlynOwenHanmer/GOHMoneyDB/Account.go:81.42,82.38 1 1
github.com/GlynOwenHanmer/GOHMoneyDB/Account.go:82.38,84.4 1 1
github.com/GlynOwenHanmer/GOHMoneyDB/Account.go:93.52,96.16 3 1
github.com/GlynOwenHanmer/GOHMoneyDB/Account.go:99.2,100.34 2 1
github.com/GlynOwenHanmer/GOHMoneyDB/Account.go:96.16,98.3 1 0
github.com/GlynOwenHanmer/GOHMoneyDB/Account.go:104.55,107.16 3 1
github.com/GlynOwenHanmer/GOHMoneyDB/Account.go:110.2,112.27 3 1
github.com/GlynOwenHanmer/GOHMoneyDB/Account.go:107.16,109.3 1 0
github.com/GlynOwenHanmer/GOHMoneyDB/Account.go:116.64,117.15 1 1
github.com/GlynOwenHanmer/GOHMoneyDB/Account.go:120.2,122.26 3 1
github.com/GlynOwenHanmer/GOHMoneyDB/Account.go:125.2,125.20 1 1
github.com/GlynOwenHanmer/GOHMoneyDB/Account.go:128.2,128.22 1 1
github.com/GlynOwenHanmer/GOHMoneyDB/Account.go:117.15,119.3 1 1
github.com/GlynOwenHanmer/GOHMoneyDB/Account.go:122.26,124.3 1 1
github.com/GlynOwenHanmer/GOHMoneyDB/Account.go:125.20,127.3 1 1
github.com/GlynOwenHanmer/GOHMoneyDB/Account.go:132.79,134.34 2 1
github.com/GlynOwenHanmer/GOHMoneyDB/Account.go:137.2,142.31 6 1
github.com/GlynOwenHanmer/GOHMoneyDB/Account.go:134.34,136.3 1 0
github.com/GlynOwenHanmer/GOHMoneyDB/Account.go:147.77,148.39 1 1
github.com/GlynOwenHanmer/GOHMoneyDB/Account.go:151.2,155.31 5 1
github.com/GlynOwenHanmer/GOHMoneyDB/Account.go:148.39,150.3 1 0
github.com/GlynOwenHanmer/GOHMoneyDB/Account.go:159.61,161.18 2 1
github.com/GlynOwenHanmer/GOHMoneyDB/Account.go:177.2,177.34 1 1
github.com/GlynOwenHanmer/GOHMoneyDB/Account.go:161.18,168.17 7 1
github.com/GlynOwenHanmer/GOHMoneyDB/Account.go:171.3,172.17 2 1
github.com/GlynOwenHanmer/GOHMoneyDB/Account.go:175.3,175.98 1 1
github.com/GlynOwenHanmer/GOHMoneyDB/Account.go:168.17,170.4 1 0
github.com/GlynOwenHanmer/GOHMoneyDB/Account.go:172.17,174.4 1 0
github.com/GlynOwenHanmer/GOHMoneyDB/Account.go:182.56,187.71 5 1
github.com/GlynOwenHanmer/GOHMoneyDB/Account.go:190.2,191.15 2 1
github.com/GlynOwenHanmer/GOHMoneyDB/Account.go:194.2,194.21 1 1
github.com/GlynOwenHanmer/GOHMoneyDB/Account.go:197.2,197.72 1 1
github.com/GlynOwenHanmer/GOHMoneyDB/Account.go:187.71,189.3 1 1
github.com/GlynOwenHanmer/GOHMoneyDB/Account.go:191.15,193.3 1 0
github.com/GlynOwenHanmer/GOHMoneyDB/Account.go:194.21,196.3 1 1
github.com/GlynOwenHanmer/GOHMoneyDB/Account.go:201.86,202.46 1 1
github.com/GlynOwenHanmer/GOHMoneyDB/Account.go:205.2,205.42 1 1
github.com/GlynOwenHanmer/GOHMoneyDB/Account.go:208.2,209.16 2 1
github.com/GlynOwenHanmer/GOHMoneyDB/Account.go:212.2,212.29 1 1
github.com/GlynOwenHanmer/GOHMoneyDB/Account.go:217.2,219.22 3 1
github.com/GlynOwenHanmer/GOHMoneyDB/Account.go:202.46,204.3 1 0
github.com/GlynOwenHanmer/GOHMoneyDB/Account.go:205.42,207.3 1 0
github.com/GlynOwenHanmer/GOHMoneyDB/Account.go:209.16,211.3 1 0
github.com/GlynOwenHanmer/GOHMoneyDB/Account.go:212.29,213.59 1 0
github.com/GlynOwenHanmer/GOHMoneyDB/Account.go:213.59,215.4 1 0
github.com/GlynOwenHanmer/GOHMoneyDB/Account.go:223.44,224.39 1 1
github.com/GlynOwenHanmer/GOHMoneyDB/Account.go:227.2,230.27 4 1
github.com/GlynOwenHanmer/GOHMoneyDB/Account.go:237.2,237.59 1 0
github.com/GlynOwenHanmer/GOHMoneyDB/Account.go:224.39,226.3 1 1
github.com/GlynOwenHanmer/GOHMoneyDB/Account.go:230.27,233.3 2 1
github.com/GlynOwenHanmer/GOHMoneyDB/Account.go:233.3,233.23 1 0
github.com/GlynOwenHanmer/GOHMoneyDB/Account.go:233.23,235.3 1 0
github.com/GlynOwenHanmer/GOHMoneyDB/Account.go:241.45,243.16 2 1
github.com/GlynOwenHanmer/GOHMoneyDB/Account.go:246.2,246.89 1 1
github.com/GlynOwenHanmer/GOHMoneyDB/Account.go:249.2,249.34 1 1
github.com/GlynOwenHanmer/GOHMoneyDB/Account.go:252.2,252.45 1 1
github.com/GlynOwenHanmer/GOHMoneyDB/Account.go:255.2,255.12 1 1
github.com/GlynOwenHanmer/GOHMoneyDB/Account.go:243.16,245.3 1 1
github.com/GlynOwenHanmer/GOHMoneyDB/Account.go:246.89,248.3 1 0
github.com/GlynOwenHanmer/GOHMoneyDB/Account.go:249.34,251.3 1 0
github.com/GlynOwenHanmer/GOHMoneyDB/Account.go:252.45,254.3 1 0
github.com/GlynOwenHanmer/GOHMoneyDB/Balance.go:28.63,30.2 1 1
github.com/GlynOwenHanmer/GOHMoneyDB/Balance.go:33.77,41.16 8 1
github.com/GlynOwenHanmer/GOHMoneyDB/Balance.go:44.2,46.18 3 1
github.com/GlynOwenHanmer/GOHMoneyDB/Balance.go:54.2,54.29 1 1
github.com/GlynOwenHanmer/GOHMoneyDB/Balance.go:41.16,43.3 1 0
github.com/GlynOwenHanmer/GOHMoneyDB/Balance.go:46.18,49.17 3 1
github.com/GlynOwenHanmer/GOHMoneyDB/Balance.go:52.3,52.39 1 1
github.com/GlynOwenHanmer/GOHMoneyDB/Balance.go:49.17,51.4 1 0
github.com/GlynOwenHanmer/GOHMoneyDB/Balance.go:58.93,60.16 2 1
github.com/GlynOwenHanmer/GOHMoneyDB/Balance.go:63.2,68.103 6 1
github.com/GlynOwenHanmer/GOHMoneyDB/Balance.go:60.16,62.3 1 1
github.com/GlynOwenHanmer/GOHMoneyDB/Balance.go:72.110,73.61 1 1
github.com/GlynOwenHanmer/GOHMoneyDB/Balance.go:76.2,76.42 1 1
github.com/GlynOwenHanmer/GOHMoneyDB/Balance.go:79.2,79.64 1 1
github.com/GlynOwenHanmer/GOHMoneyDB/Balance.go:82.2,84.22 3 1
github.com/GlynOwenHanmer/GOHMoneyDB/Balance.go:73.61,75.3 1 1
github.com/GlynOwenHanmer/GOHMoneyDB/Balance.go:76.42,78.3 1 1
github.com/GlynOwenHanmer/GOHMoneyDB/Balance.go:79.64,81.3 1 1
github.com/GlynOwenHanmer/GOHMoneyDB/Balance.go:88.83,98.2 9 1
github.com/GlynOwenHanmer/GOHMoneyDB/Balance.go:101.56,104.26 3 1
github.com/GlynOwenHanmer/GOHMoneyDB/Balance.go:107.2,107.22 1 1
github.com/GlynOwenHanmer/GOHMoneyDB/Balance.go:104.26,106.3 1 1
github.com/GlynOwenHanmer/GOHMoneyDB/DB.go:13.65,15.2 1 1
github.com/GlynOwenHanmer/GOHMoneyDB/DB.go:18.37,20.2 1 1
github.com/GlynOwenHanmer/GOHMoneyDB/DB.go:24.62,25.23 1 1
github.com/GlynOwenHanmer/GOHMoneyDB/DB.go:28.2,29.16 2 1
github.com/GlynOwenHanmer/GOHMoneyDB/DB.go:32.2,33.16 2 1
github.com/GlynOwenHanmer/GOHMoneyDB/DB.go:36.2,38.36 3 1
github.com/GlynOwenHanmer/GOHMoneyDB/DB.go:42.2,44.33 3 1
github.com/GlynOwenHanmer/GOHMoneyDB/DB.go:47.2,47.52 1 1
github.com/GlynOwenHanmer/GOHMoneyDB/DB.go:25.23,27.3 1 0
github.com/GlynOwenHanmer/GOHMoneyDB/DB.go:29.16,31.3 1 0
github.com/GlynOwenHanmer/GOHMoneyDB/DB.go:33.16,35.3 1 0
github.com/GlynOwenHanmer/GOHMoneyDB/DB.go:38.36,41.3 2 0
github.com/GlynOwenHanmer/GOHMoneyDB/DB.go:44.33,46.3 1 0
github.com/GlynOwenHanmer/GOHMoneyDB/DB.go:51.39,53.16 2 1
github.com/GlynOwenHanmer/GOHMoneyDB/DB.go:56.2,56.26 1 1
github.com/GlynOwenHanmer/GOHMoneyDB/DB.go:59.2,60.16 2 1
github.com/GlynOwenHanmer/GOHMoneyDB/DB.go:63.2,63.43 1 1
github.com/GlynOwenHanmer/GOHMoneyDB/DB.go:53.16,55.3 1 0
github.com/GlynOwenHanmer/GOHMoneyDB/DB.go:56.26,58.3 1 0
github.com/GlynOwenHanmer/GOHMoneyDB/DB.go:60.16,62.3 1 0
github.com/GlynOwenHanmer/GOHMoneyDB/Date.go:8.60,10.2 1 1
github.com/GlynOwenHanmer/GOHMoneyDB/Errors.go:12.46,14.2 1 0
github.com/GlynOwenHanmer/GOHMoneyDB/Errors.go:20.39,22.2 1 0
github.com/GlynOwenHanmer/GOHMoneyDB/Errors.go:35.52,37.2 1 0
