mode: set
github.com/GlynOwenHanmer/GOHMoneyDB/Account.go:37.48,44.2 1 1
github.com/GlynOwenHanmer/GOHMoneyDB/Account.go:47.58,49.53 2 1
github.com/GlynOwenHanmer/GOHMoneyDB/Account.go:52.2,53.16 2 1
github.com/GlynOwenHanmer/GOHMoneyDB/Account.go:56.2,58.47 3 1
github.com/GlynOwenHanmer/GOHMoneyDB/Account.go:61.2,61.8 1 1
github.com/GlynOwenHanmer/GOHMoneyDB/Account.go:49.53,51.3 1 0
github.com/GlynOwenHanmer/GOHMoneyDB/Account.go:53.16,55.3 1 0
github.com/GlynOwenHanmer/GOHMoneyDB/Account.go:58.47,60.3 1 0
github.com/GlynOwenHanmer/GOHMoneyDB/Account.go:69.69,70.39 1 1
github.com/GlynOwenHanmer/GOHMoneyDB/Account.go:73.2,74.16 2 1
github.com/GlynOwenHanmer/GOHMoneyDB/Account.go:77.2,78.23 2 1
github.com/GlynOwenHanmer/GOHMoneyDB/Account.go:84.2,84.16 1 1
github.com/GlynOwenHanmer/GOHMoneyDB/Account.go:87.2,87.43 1 1
github.com/GlynOwenHanmer/GOHMoneyDB/Account.go:92.2,95.3 1 1
github.com/GlynOwenHanmer/GOHMoneyDB/Account.go:70.39,72.3 1 0
github.com/GlynOwenHanmer/GOHMoneyDB/Account.go:74.16,76.3 1 1
github.com/GlynOwenHanmer/GOHMoneyDB/Account.go:78.23,83.3 1 1
github.com/GlynOwenHanmer/GOHMoneyDB/Account.go:84.16,86.3 1 1
github.com/GlynOwenHanmer/GOHMoneyDB/Account.go:87.43,88.38 1 1
github.com/GlynOwenHanmer/GOHMoneyDB/Account.go:88.38,90.4 1 1
github.com/GlynOwenHanmer/GOHMoneyDB/Account.go:99.52,102.16 3 1
github.com/GlynOwenHanmer/GOHMoneyDB/Account.go:105.2,106.34 2 1
github.com/GlynOwenHanmer/GOHMoneyDB/Account.go:102.16,104.3 1 0
github.com/GlynOwenHanmer/GOHMoneyDB/Account.go:110.56,113.16 3 1
github.com/GlynOwenHanmer/GOHMoneyDB/Account.go:116.2,117.34 2 1
github.com/GlynOwenHanmer/GOHMoneyDB/Account.go:113.16,115.3 1 0
github.com/GlynOwenHanmer/GOHMoneyDB/Account.go:121.64,122.15 1 1
github.com/GlynOwenHanmer/GOHMoneyDB/Account.go:125.2,127.26 3 1
github.com/GlynOwenHanmer/GOHMoneyDB/Account.go:130.2,130.20 1 1
github.com/GlynOwenHanmer/GOHMoneyDB/Account.go:133.2,133.22 1 1
github.com/GlynOwenHanmer/GOHMoneyDB/Account.go:122.15,124.3 1 1
github.com/GlynOwenHanmer/GOHMoneyDB/Account.go:127.26,129.3 1 1
github.com/GlynOwenHanmer/GOHMoneyDB/Account.go:130.20,132.3 1 1
github.com/GlynOwenHanmer/GOHMoneyDB/Account.go:137.78,139.34 2 1
github.com/GlynOwenHanmer/GOHMoneyDB/Account.go:142.2,147.31 6 1
github.com/GlynOwenHanmer/GOHMoneyDB/Account.go:139.34,141.3 1 0
github.com/GlynOwenHanmer/GOHMoneyDB/Account.go:152.77,153.39 1 1
github.com/GlynOwenHanmer/GOHMoneyDB/Account.go:156.2,160.31 5 1
github.com/GlynOwenHanmer/GOHMoneyDB/Account.go:153.39,155.3 1 0
github.com/GlynOwenHanmer/GOHMoneyDB/Account.go:164.61,166.18 2 1
github.com/GlynOwenHanmer/GOHMoneyDB/Account.go:181.2,181.34 1 1
github.com/GlynOwenHanmer/GOHMoneyDB/Account.go:166.18,172.17 6 1
github.com/GlynOwenHanmer/GOHMoneyDB/Account.go:175.3,176.17 2 1
github.com/GlynOwenHanmer/GOHMoneyDB/Account.go:179.3,179.118 1 1
github.com/GlynOwenHanmer/GOHMoneyDB/Account.go:172.17,174.4 1 0
github.com/GlynOwenHanmer/GOHMoneyDB/Account.go:176.17,178.4 1 0
github.com/GlynOwenHanmer/GOHMoneyDB/Account.go:186.56,191.71 5 1
github.com/GlynOwenHanmer/GOHMoneyDB/Account.go:194.2,195.16 2 1
github.com/GlynOwenHanmer/GOHMoneyDB/Account.go:198.2,198.21 1 1
github.com/GlynOwenHanmer/GOHMoneyDB/Account.go:201.2,201.93 1 1
github.com/GlynOwenHanmer/GOHMoneyDB/Account.go:191.71,193.3 1 1
github.com/GlynOwenHanmer/GOHMoneyDB/Account.go:195.16,197.3 1 0
github.com/GlynOwenHanmer/GOHMoneyDB/Account.go:198.21,200.3 1 1
github.com/GlynOwenHanmer/GOHMoneyDB/Account.go:205.78,206.39 1 1
github.com/GlynOwenHanmer/GOHMoneyDB/Account.go:209.2,209.42 1 1
github.com/GlynOwenHanmer/GOHMoneyDB/Account.go:212.2,213.37 2 1
github.com/GlynOwenHanmer/GOHMoneyDB/Account.go:216.2,216.30 1 1
github.com/GlynOwenHanmer/GOHMoneyDB/Account.go:221.2,224.22 2 1
github.com/GlynOwenHanmer/GOHMoneyDB/Account.go:206.39,208.3 1 0
github.com/GlynOwenHanmer/GOHMoneyDB/Account.go:209.42,211.3 1 0
github.com/GlynOwenHanmer/GOHMoneyDB/Account.go:213.37,215.3 1 0
github.com/GlynOwenHanmer/GOHMoneyDB/Account.go:216.30,217.59 1 0
github.com/GlynOwenHanmer/GOHMoneyDB/Account.go:217.59,219.4 1 0
github.com/GlynOwenHanmer/GOHMoneyDB/Account.go:228.44,229.39 1 1
github.com/GlynOwenHanmer/GOHMoneyDB/Account.go:232.2,236.30 3 1
github.com/GlynOwenHanmer/GOHMoneyDB/Account.go:240.2,240.16 1 0
github.com/GlynOwenHanmer/GOHMoneyDB/Account.go:244.2,244.59 1 0
github.com/GlynOwenHanmer/GOHMoneyDB/Account.go:229.39,231.3 1 1
github.com/GlynOwenHanmer/GOHMoneyDB/Account.go:236.30,239.3 2 1
github.com/GlynOwenHanmer/GOHMoneyDB/Account.go:240.16,242.3 1 0
github.com/GlynOwenHanmer/GOHMoneyDB/Account.go:248.45,250.16 2 1
github.com/GlynOwenHanmer/GOHMoneyDB/Account.go:253.2,253.89 1 1
github.com/GlynOwenHanmer/GOHMoneyDB/Account.go:256.2,256.33 1 1
github.com/GlynOwenHanmer/GOHMoneyDB/Account.go:259.2,259.45 1 1
github.com/GlynOwenHanmer/GOHMoneyDB/Account.go:262.2,262.12 1 1
github.com/GlynOwenHanmer/GOHMoneyDB/Account.go:250.16,252.3 1 1
github.com/GlynOwenHanmer/GOHMoneyDB/Account.go:253.89,255.3 1 0
github.com/GlynOwenHanmer/GOHMoneyDB/Account.go:256.33,258.3 1 1
github.com/GlynOwenHanmer/GOHMoneyDB/Account.go:259.45,261.3 1 0
github.com/GlynOwenHanmer/GOHMoneyDB/Balance.go:27.41,28.51 1 1
github.com/GlynOwenHanmer/GOHMoneyDB/Balance.go:31.2,31.13 1 1
github.com/GlynOwenHanmer/GOHMoneyDB/Balance.go:28.51,30.3 1 0
github.com/GlynOwenHanmer/GOHMoneyDB/Balance.go:39.58,41.2 1 1
github.com/GlynOwenHanmer/GOHMoneyDB/Balance.go:45.78,47.16 2 1
github.com/GlynOwenHanmer/GOHMoneyDB/Balance.go:50.2,51.34 2 1
github.com/GlynOwenHanmer/GOHMoneyDB/Balance.go:47.16,49.3 1 0
github.com/GlynOwenHanmer/GOHMoneyDB/Balance.go:55.80,57.16 2 1
github.com/GlynOwenHanmer/GOHMoneyDB/Balance.go:61.2,68.22 8 1
github.com/GlynOwenHanmer/GOHMoneyDB/Balance.go:57.16,60.3 2 1
github.com/GlynOwenHanmer/GOHMoneyDB/Balance.go:72.103,73.56 1 1
github.com/GlynOwenHanmer/GOHMoneyDB/Balance.go:76.2,76.42 1 1
github.com/GlynOwenHanmer/GOHMoneyDB/Balance.go:79.2,79.58 1 1
github.com/GlynOwenHanmer/GOHMoneyDB/Balance.go:82.2,86.22 5 1
github.com/GlynOwenHanmer/GOHMoneyDB/Balance.go:73.56,75.3 1 1
github.com/GlynOwenHanmer/GOHMoneyDB/Balance.go:76.42,78.3 1 1
github.com/GlynOwenHanmer/GOHMoneyDB/Balance.go:79.58,81.3 1 1
github.com/GlynOwenHanmer/GOHMoneyDB/Balance.go:90.77,99.2 8 1
github.com/GlynOwenHanmer/GOHMoneyDB/Balance.go:102.56,109.26 7 1
github.com/GlynOwenHanmer/GOHMoneyDB/Balance.go:112.2,112.16 1 1
github.com/GlynOwenHanmer/GOHMoneyDB/Balance.go:115.2,115.24 1 1
github.com/GlynOwenHanmer/GOHMoneyDB/Balance.go:109.26,111.3 1 1
github.com/GlynOwenHanmer/GOHMoneyDB/Balance.go:112.16,114.3 1 1
github.com/GlynOwenHanmer/GOHMoneyDB/Balance.go:119.68,121.18 2 1
github.com/GlynOwenHanmer/GOHMoneyDB/Balance.go:135.2,135.16 1 1
github.com/GlynOwenHanmer/GOHMoneyDB/Balance.go:138.2,138.33 1 1
github.com/GlynOwenHanmer/GOHMoneyDB/Balance.go:141.2,141.8 1 1
github.com/GlynOwenHanmer/GOHMoneyDB/Balance.go:121.18,126.17 5 1
github.com/GlynOwenHanmer/GOHMoneyDB/Balance.go:129.3,130.17 2 1
github.com/GlynOwenHanmer/GOHMoneyDB/Balance.go:133.3,133.54 1 1
github.com/GlynOwenHanmer/GOHMoneyDB/Balance.go:126.17,128.4 1 0
github.com/GlynOwenHanmer/GOHMoneyDB/Balance.go:130.17,132.4 1 0
github.com/GlynOwenHanmer/GOHMoneyDB/Balance.go:135.16,137.3 1 1
github.com/GlynOwenHanmer/GOHMoneyDB/Balance.go:138.33,140.3 1 1
github.com/GlynOwenHanmer/GOHMoneyDB/Balance.go:144.68,149.2 4 1
github.com/GlynOwenHanmer/GOHMoneyDB/Balance.go:151.47,153.2 1 1
github.com/GlynOwenHanmer/GOHMoneyDB/DB.go:13.65,16.2 2 1
github.com/GlynOwenHanmer/GOHMoneyDB/DB.go:19.37,21.2 1 1
github.com/GlynOwenHanmer/GOHMoneyDB/DB.go:25.62,26.23 1 1
github.com/GlynOwenHanmer/GOHMoneyDB/DB.go:29.2,30.16 2 1
github.com/GlynOwenHanmer/GOHMoneyDB/DB.go:33.2,34.16 2 1
github.com/GlynOwenHanmer/GOHMoneyDB/DB.go:37.2,39.36 3 1
github.com/GlynOwenHanmer/GOHMoneyDB/DB.go:43.2,45.33 3 1
github.com/GlynOwenHanmer/GOHMoneyDB/DB.go:48.2,48.52 1 1
github.com/GlynOwenHanmer/GOHMoneyDB/DB.go:26.23,28.3 1 1
github.com/GlynOwenHanmer/GOHMoneyDB/DB.go:30.16,32.3 1 1
github.com/GlynOwenHanmer/GOHMoneyDB/DB.go:34.16,36.3 1 0
github.com/GlynOwenHanmer/GOHMoneyDB/DB.go:39.36,42.3 2 0
github.com/GlynOwenHanmer/GOHMoneyDB/DB.go:45.33,47.3 1 0
github.com/GlynOwenHanmer/GOHMoneyDB/Errors.go:12.46,14.2 1 0
github.com/GlynOwenHanmer/GOHMoneyDB/Errors.go:20.39,22.2 1 0
github.com/GlynOwenHanmer/GOHMoneyDB/Errors.go:35.52,37.2 1 0
github.com/GlynOwenHanmer/GOHMoneyDB/money.go:14.47,16.9 2 0
github.com/GlynOwenHanmer/GOHMoneyDB/money.go:19.2,20.12 2 0
github.com/GlynOwenHanmer/GOHMoneyDB/money.go:16.9,18.3 1 0
github.com/GlynOwenHanmer/GOHMoneyDB/money.go:23.48,25.2 1 0
